<?xml version="1.0" encoding="UTF-8"?>
<!-- Generated by org.testng.reporters.JUnitReportReporter -->
<testsuite skipped="0" hostname="shubhams-MacBook-Pro.local" name="Tests.UserTests" tests="4" failures="0" timestamp="19 Sep 2023 14:56:31 GMT" time="6.998" errors="0">
  <testcase name="createUserTest" time="2.607" classname="Tests.UserTests"/>
  <testcase name="getUserDetailsTest" time="1.571" classname="Tests.UserTests"/>
  <testcase name="updateUserDetailsTest" time="1.430" classname="Tests.UserTests"/>
  <testcase name="deleteUserDetailsTest" time="1.390" classname="Tests.UserTests"/>
</testsuite> <!-- Tests.UserTests -->
