<?xml version="1.0" encoding="UTF-8"?>
<!-- Generated by org.testng.reporters.JUnitReportReporter -->
<testsuite hostname="shubhams-MacBook-Pro.local" failures="0" tests="4" name="Tests.UserTests" time="7.627" errors="0" timestamp="18 Sept 2023 15:28:09 GMT" skipped="0">
  <testcase classname="Tests.UserTests" name="createUserTest" time="3.306"/>
  <testcase classname="Tests.UserTests" name="getUserDetailsTest" time="1.558"/>
  <testcase classname="Tests.UserTests" name="updateUserDetailsTest" time="1.444"/>
  <testcase classname="Tests.UserTests" name="deleteUserDetailsTest" time="1.319"/>
</testsuite> <!-- Tests.UserTests -->
