<?xml version="1.0" encoding="UTF-8"?>
<!-- Generated by org.testng.reporters.JUnitReportReporter -->
<testsuite skipped="0" hostname="shubhams-MacBook-Pro.local" name="Tests.StoreTests" tests="4" failures="0" timestamp="19 Sep 2023 14:58:07 GMT" time="7.094" errors="0">
  <testcase name="placeOrderTest" time="2.505" classname="Tests.StoreTests"/>
  <testcase name="getOrderDetailsTest" time="1.516" classname="Tests.StoreTests"/>
  <testcase name="deleteOrderDetailsTest" time="1.536" classname="Tests.StoreTests"/>
  <testcase name="getPetInventoryDetailsTest" time="1.537" classname="Tests.StoreTests"/>
</testsuite> <!-- Tests.StoreTests -->
